[06-Oct-2022 07:49:00 UTC] PHP Parse error:  syntax error, unexpected token "<", expecting end of file in C:\Users\Les\Documents\Visual Studio 2022\WebSitesDev\HTMLTutor\IntroToPHP\PHPCode\1Output.php on line 18
[06-Oct-2022 16:33:11 UTC] PHP Warning:  "boolean" will be interpreted as a class name. Did you mean "bool"? Write "\boolean" to suppress this warning in C:\Users\Les\Documents\Visual Studio 2022\WebSitesDev\HTMLTutor\IntroToPHP\PHPCode\1Output.php on line 22
[06-Oct-2022 16:33:11 UTC] PHP Fatal error:  Cannot use bool as default value for parameter $display of type boolean in C:\Users\Les\Documents\Visual Studio 2022\WebSitesDev\HTMLTutor\IntroToPHP\PHPCode\1Output.php on line 22
[06-Oct-2022 17:43:30 UTC] PHP Parse error:  syntax error, unexpected identifier "en" in C:\Users\Les\Documents\Visual Studio 2022\WebSitesDev\HTMLTutor\IntroToPHP\PHPCode\1Output.php on line 17
[06-Oct-2022 17:52:41 UTC] PHP Parse error:  syntax error, unexpected double-quoted string "  <html lang=" in C:\Users\Les\Documents\Visual Studio 2022\WebSitesDev\HTMLTutor\IntroToPHP\PHPCode\1Output.php on line 17
[06-Oct-2022 17:52:57 UTC] PHP Parse error:  syntax error, unexpected double-quoted string "  <html lang=\"en\">\r\n" in C:\Users\Les\Documents\Visual Studio 2022\WebSitesDev\HTMLTutor\IntroToPHP\PHPCode\1Output.php on line 17
[06-Oct-2022 17:53:32 UTC] PHP Parse error:  syntax error, unexpected token ";" in C:\Users\Les\Documents\Visual Studio 2022\WebSitesDev\HTMLTutor\IntroToPHP\PHPCode\1Output.php on line 17
[06-Oct-2022 21:25:12 UTC] PHP Parse error:  syntax error, unexpected token "," in C:\Users\Les\Documents\Visual Studio 2022\WebSitesDev\HTMLTutor\IntroToPHP\PHPCode\1Output.php on line 17
[06-Oct-2022 21:28:19 UTC] PHP Parse error:  syntax error, unexpected token ":", expecting ")" in C:\Users\Les\Documents\Visual Studio 2022\WebSitesDev\HTMLTutor\IntroToPHP\PHPCode\1Output.php on line 18
[06-Oct-2022 22:35:11 UTC] PHP Fatal error:  Uncaught Error: Call to undefined function HTMLBegin() in C:\Users\Les\Documents\Visual Studio 2022\WebSitesDev\HTMLTutor\IntroToPHP\PHPCode\1Output.php:11
Stack trace:
#0 {main}
  thrown in C:\Users\Les\Documents\Visual Studio 2022\WebSitesDev\HTMLTutor\IntroToPHP\PHPCode\1Output.php on line 11
[06-Oct-2022 22:35:31 UTC] PHP Fatal error:  Uncaught Error: Call to undefined function HTMLBodyBegin() in C:\Users\Les\Documents\Visual Studio 2022\WebSitesDev\HTMLTutor\IntroToPHP\PHPCode\1Output.php:13
Stack trace:
#0 {main}
  thrown in C:\Users\Les\Documents\Visual Studio 2022\WebSitesDev\HTMLTutor\IntroToPHP\PHPCode\1Output.php on line 13
[06-Oct-2022 22:37:03 UTC] PHP Fatal error:  Uncaught Error: Undefined constant "LJCCommon" in C:\Users\Les\Documents\Visual Studio 2022\WebSitesDev\HTMLTutor\IntroToPHP\PHPCode\1Output.php:9
Stack trace:
#0 {main}
  thrown in C:\Users\Les\Documents\Visual Studio 2022\WebSitesDev\HTMLTutor\IntroToPHP\PHPCode\1Output.php on line 9
[08-Oct-2022 11:56:33 UTC] PHP Fatal error:  Uncaught Error: Cannot access private property LJCExample::$FirstNumber in C:\Users\Les\Documents\Visual Studio 2022\WebSitesDev\HTMLTutor\IntroToPHP\PHPCode\1Output.php:25
Stack trace:
#0 {main}
  thrown in C:\Users\Les\Documents\Visual Studio 2022\WebSitesDev\HTMLTutor\IntroToPHP\PHPCode\1Output.php on line 25
